<?xml version="1.0" encoding="UTF-8"?>
<!-- Generated by org.testng.reporters.JUnitReportReporter -->
<testsuite name="com.qainfotech.tap.training.snl.api.GameInProgressExceptionTest" tests="1" time="0.017" ignored="0" failures="0" timestamp="22 Jun 2018 05:44:09 GMT" skipped="0" hostname="HPDB0003" errors="0">
  <testcase name="GameInProgressException" time="0.017" classname="com.qainfotech.tap.training.snl.api.GameInProgressExceptionTest"/>
</testsuite> <!-- com.qainfotech.tap.training.snl.api.GameInProgressExceptionTest -->
