<?xml version="1.0" encoding="UTF-8"?>
<!-- Generated by org.testng.reporters.JUnitReportReporter -->
<testsuite name="com.qainfotech.tap.training.snl.api.PlayerChecking" tests="8" time="0.250" ignored="0" failures="0" timestamp="22 Jun 2018 12:05:06 GMT" skipped="0" hostname="HPDB0003" errors="1">
  <testcase name="playerJoiningWithSameName" time="0.000" classname="com.qainfotech.tap.training.snl.api.PlayerChecking"/>
  <testcase name="invalidTurnByPlayer" time="0.016" classname="com.qainfotech.tap.training.snl.api.PlayerChecking"/>
  <testcase name="newPositionGreaterThan100" time="0.062" classname="com.qainfotech.tap.training.snl.api.PlayerChecking"/>
  <testcase name="playerJoiningAfterGameStarted" time="0.031" classname="com.qainfotech.tap.training.snl.api.PlayerChecking"/>
  <testcase name="jumpingForwardWithLadder" time="0.047" classname="com.qainfotech.tap.training.snl.api.PlayerChecking"/>
  <testcase name="moreThanFourPlayerJoining" time="0.047" classname="com.qainfotech.tap.training.snl.api.PlayerChecking"/>
  <testcase name="deleteInvalidPlayer" time="0.032" classname="com.qainfotech.tap.training.snl.api.PlayerChecking">
    <error type="org.json.JSONException" message="JSONObject[&quot;uuid&quot;] not a string.">
      <![CDATA[org.json.JSONException: JSONObject["uuid"] not a string.
	at org.json.JSONObject.getString(JSONObject.java:721)
	at com.qainfotech.tap.training.snl.api.Board.deletePlayer(Board.java:106)
	at Pages.BoardPage.deletePlayer(BoardPage.java:55)
	at com.qainfotech.tap.training.snl.api.PlayerChecking.deleteInvalidPlayer(PlayerChecking.java:49)
	at sun.reflect.NativeMethodAccessorImpl.invoke0(Native Method)
	at sun.reflect.NativeMethodAccessorImpl.invoke(Unknown Source)
	at sun.reflect.DelegatingMethodAccessorImpl.invoke(Unknown Source)
	at java.lang.reflect.Method.invoke(Unknown Source)
	at org.testng.internal.MethodInvocationHelper.invokeMethod(MethodInvocationHelper.java:104)
	at org.testng.internal.Invoker.invokeMethod(Invoker.java:645)
	at org.testng.internal.Invoker.invokeTestMethod(Invoker.java:851)
	at org.testng.internal.Invoker.invokeTestMethods(Invoker.java:1177)
	at org.testng.internal.TestMethodWorker.invokeTestMethods(TestMethodWorker.java:129)
	at org.testng.internal.TestMethodWorker.run(TestMethodWorker.java:112)
	at org.testng.TestRunner.privateRun(TestRunner.java:756)
	at org.testng.TestRunner.run(TestRunner.java:610)
	at org.testng.SuiteRunner.runTest(SuiteRunner.java:387)
	at org.testng.SuiteRunner.runSequentially(SuiteRunner.java:382)
	at org.testng.SuiteRunner.privateRun(SuiteRunner.java:340)
	at org.testng.SuiteRunner.run(SuiteRunner.java:289)
	at org.testng.SuiteRunnerWorker.runSuite(SuiteRunnerWorker.java:52)
	at org.testng.SuiteRunnerWorker.run(SuiteRunnerWorker.java:86)
	at org.testng.TestNG.runSuitesSequentially(TestNG.java:1293)
	at org.testng.TestNG.runSuitesLocally(TestNG.java:1218)
	at org.testng.TestNG.runSuites(TestNG.java:1133)
	at org.testng.TestNG.run(TestNG.java:1104)
	at org.testng.remote.AbstractRemoteTestNG.run(AbstractRemoteTestNG.java:114)
	at org.testng.remote.RemoteTestNG.initAndRun(RemoteTestNG.java:251)
	at org.testng.remote.RemoteTestNG.main(RemoteTestNG.java:77)
]]>
    </error>
  </testcase> <!-- deleteInvalidPlayer -->
  <testcase name="jumpingBackwardWithSnake" time="0.015" classname="com.qainfotech.tap.training.snl.api.PlayerChecking"/>
</testsuite> <!-- com.qainfotech.tap.training.snl.api.PlayerChecking -->
